{"/Users/saban/ILS2.0/server/routes/healthcare-analytics.ts": {"path":"/Users/saban/ILS2.0/server/routes/healthcare-analytics.ts","statementMap":{"0":{"start":{"line":15,"column":0},"end":{"line":15,"column":52}},"1":{"start":{"line":16,"column":0},"end":{"line":16,"column":24}},"2":{"start":{"line":17,"column":0},"end":{"line":17,"column":84}},"3":{"start":{"line":18,"column":0},"end":{"line":18,"column":37}},"4":{"start":{"line":20,"column":15},"end":{"line":20,"column":23}},"5":{"start":{"line":23,"column":20},"end":{"line":28,"column":1}},"6":{"start":{"line":24,"column":2},"end":{"line":26,"column":3}},"7":{"start":{"line":25,"column":4},"end":{"line":25,"column":70}},"8":{"start":{"line":27,"column":2},"end":{"line":27,"column":9}},"9":{"start":{"line":30,"column":29},"end":{"line":35,"column":1}},"10":{"start":{"line":31,"column":2},"end":{"line":33,"column":3}},"11":{"start":{"line":32,"column":4},"end":{"line":32,"column":71}},"12":{"start":{"line":34,"column":2},"end":{"line":34,"column":9}},"13":{"start":{"line":38,"column":21},"end":{"line":43,"column":1}},"14":{"start":{"line":39,"column":2},"end":{"line":41,"column":3}},"15":{"start":{"line":40,"column":4},"end":{"line":40,"column":48}},"16":{"start":{"line":42,"column":2},"end":{"line":42,"column":28}},"17":{"start":{"line":45,"column":18},"end":{"line":50,"column":1}},"18":{"start":{"line":46,"column":2},"end":{"line":48,"column":3}},"19":{"start":{"line":47,"column":4},"end":{"line":47,"column":45}},"20":{"start":{"line":49,"column":2},"end":{"line":49,"column":21}},"21":{"start":{"line":53,"column":24},"end":{"line":56,"column":2}},"22":{"start":{"line":58,"column":37},"end":{"line":70,"column":2}},"23":{"start":{"line":72,"column":38},"end":{"line":78,"column":2}},"24":{"start":{"line":80,"column":38},"end":{"line":87,"column":2}},"25":{"start":{"line":89,"column":34},"end":{"line":93,"column":2}},"26":{"start":{"line":95,"column":28},"end":{"line":98,"column":2}},"27":{"start":{"line":105,"column":0},"end":{"line":133,"column":3}},"28":{"start":{"line":106,"column":2},"end":{"line":132,"column":3}},"29":{"start":{"line":107,"column":22},"end":{"line":107,"column":66}},"30":{"start":{"line":109,"column":20},"end":{"line":112,"column":6}},"31":{"start":{"line":114,"column":4},"end":{"line":117,"column":7}},"32":{"start":{"line":119,"column":4},"end":{"line":119,"column":86}},"33":{"start":{"line":121,"column":4},"end":{"line":126,"column":5}},"34":{"start":{"line":122,"column":6},"end":{"line":125,"column":9}},"35":{"start":{"line":128,"column":4},"end":{"line":131,"column":7}},"36":{"start":{"line":140,"column":0},"end":{"line":168,"column":3}},"37":{"start":{"line":141,"column":2},"end":{"line":167,"column":3}},"38":{"start":{"line":142,"column":22},"end":{"line":142,"column":67}},"39":{"start":{"line":144,"column":20},"end":{"line":147,"column":6}},"40":{"start":{"line":149,"column":4},"end":{"line":152,"column":7}},"41":{"start":{"line":154,"column":4},"end":{"line":154,"column":87}},"42":{"start":{"line":156,"column":4},"end":{"line":161,"column":5}},"43":{"start":{"line":157,"column":6},"end":{"line":160,"column":9}},"44":{"start":{"line":163,"column":4},"end":{"line":166,"column":7}},"45":{"start":{"line":175,"column":0},"end":{"line":203,"column":3}},"46":{"start":{"line":176,"column":2},"end":{"line":202,"column":3}},"47":{"start":{"line":177,"column":22},"end":{"line":177,"column":67}},"48":{"start":{"line":179,"column":20},"end":{"line":182,"column":6}},"49":{"start":{"line":184,"column":4},"end":{"line":187,"column":7}},"50":{"start":{"line":189,"column":4},"end":{"line":189,"column":87}},"51":{"start":{"line":191,"column":4},"end":{"line":196,"column":5}},"52":{"start":{"line":192,"column":6},"end":{"line":195,"column":9}},"53":{"start":{"line":198,"column":4},"end":{"line":201,"column":7}},"54":{"start":{"line":210,"column":0},"end":{"line":238,"column":3}},"55":{"start":{"line":211,"column":2},"end":{"line":237,"column":3}},"56":{"start":{"line":212,"column":22},"end":{"line":212,"column":63}},"57":{"start":{"line":214,"column":24},"end":{"line":217,"column":6}},"58":{"start":{"line":219,"column":4},"end":{"line":222,"column":7}},"59":{"start":{"line":224,"column":4},"end":{"line":224,"column":82}},"60":{"start":{"line":226,"column":4},"end":{"line":231,"column":5}},"61":{"start":{"line":227,"column":6},"end":{"line":230,"column":9}},"62":{"start":{"line":233,"column":4},"end":{"line":236,"column":7}},"63":{"start":{"line":245,"column":0},"end":{"line":273,"column":3}},"64":{"start":{"line":246,"column":2},"end":{"line":272,"column":3}},"65":{"start":{"line":247,"column":22},"end":{"line":247,"column":53}},"66":{"start":{"line":249,"column":22},"end":{"line":251,"column":null}},"67":{"start":{"line":254,"column":4},"end":{"line":257,"column":7}},"68":{"start":{"line":259,"column":4},"end":{"line":259,"column":81}},"69":{"start":{"line":261,"column":4},"end":{"line":266,"column":5}},"70":{"start":{"line":262,"column":6},"end":{"line":265,"column":9}},"71":{"start":{"line":268,"column":4},"end":{"line":271,"column":7}},"72":{"start":{"line":280,"column":0},"end":{"line":308,"column":3}},"73":{"start":{"line":281,"column":2},"end":{"line":307,"column":3}},"74":{"start":{"line":282,"column":22},"end":{"line":282,"column":53}},"75":{"start":{"line":284,"column":20},"end":{"line":286,"column":null}},"76":{"start":{"line":289,"column":4},"end":{"line":292,"column":7}},"77":{"start":{"line":294,"column":4},"end":{"line":294,"column":92}},"78":{"start":{"line":296,"column":4},"end":{"line":301,"column":5}},"79":{"start":{"line":297,"column":6},"end":{"line":300,"column":9}},"80":{"start":{"line":303,"column":4},"end":{"line":306,"column":7}},"81":{"start":{"line":315,"column":0},"end":{"line":344,"column":3}},"82":{"start":{"line":316,"column":2},"end":{"line":343,"column":3}},"83":{"start":{"line":317,"column":22},"end":{"line":317,"column":57}},"84":{"start":{"line":319,"column":26},"end":{"line":322,"column":null}},"85":{"start":{"line":325,"column":4},"end":{"line":328,"column":7}},"86":{"start":{"line":330,"column":4},"end":{"line":330,"column":76}},"87":{"start":{"line":332,"column":4},"end":{"line":337,"column":5}},"88":{"start":{"line":333,"column":6},"end":{"line":336,"column":9}},"89":{"start":{"line":339,"column":4},"end":{"line":342,"column":7}},"90":{"start":{"line":351,"column":0},"end":{"line":380,"column":3}},"91":{"start":{"line":352,"column":2},"end":{"line":379,"column":3}},"92":{"start":{"line":356,"column":8},"end":{"line":356,"column":17}},"93":{"start":{"line":358,"column":22},"end":{"line":361,"column":6}},"94":{"start":{"line":363,"column":21},"end":{"line":366,"column":null}},"95":{"start":{"line":369,"column":4},"end":{"line":372,"column":7}},"96":{"start":{"line":374,"column":4},"end":{"line":374,"column":82}},"97":{"start":{"line":375,"column":4},"end":{"line":378,"column":7}},"98":{"start":{"line":385,"column":0},"end":{"line":414,"column":3}},"99":{"start":{"line":386,"column":2},"end":{"line":413,"column":3}},"100":{"start":{"line":390,"column":8},"end":{"line":390,"column":17}},"101":{"start":{"line":392,"column":22},"end":{"line":395,"column":6}},"102":{"start":{"line":397,"column":22},"end":{"line":400,"column":null}},"103":{"start":{"line":403,"column":4},"end":{"line":406,"column":7}},"104":{"start":{"line":408,"column":4},"end":{"line":408,"column":82}},"105":{"start":{"line":409,"column":4},"end":{"line":412,"column":7}},"106":{"start":{"line":419,"column":0},"end":{"line":448,"column":3}},"107":{"start":{"line":420,"column":2},"end":{"line":447,"column":3}},"108":{"start":{"line":424,"column":8},"end":{"line":424,"column":17}},"109":{"start":{"line":426,"column":22},"end":{"line":429,"column":6}},"110":{"start":{"line":431,"column":22},"end":{"line":434,"column":null}},"111":{"start":{"line":437,"column":4},"end":{"line":440,"column":7}},"112":{"start":{"line":442,"column":4},"end":{"line":442,"column":83}},"113":{"start":{"line":443,"column":4},"end":{"line":446,"column":7}},"114":{"start":{"line":453,"column":0},"end":{"line":482,"column":3}},"115":{"start":{"line":454,"column":2},"end":{"line":481,"column":3}},"116":{"start":{"line":458,"column":8},"end":{"line":458,"column":17}},"117":{"start":{"line":460,"column":22},"end":{"line":463,"column":6}},"118":{"start":{"line":465,"column":22},"end":{"line":468,"column":null}},"119":{"start":{"line":471,"column":4},"end":{"line":474,"column":7}},"120":{"start":{"line":476,"column":4},"end":{"line":476,"column":85}},"121":{"start":{"line":477,"column":4},"end":{"line":480,"column":7}},"122":{"start":{"line":489,"column":0},"end":{"line":519,"column":3}},"123":{"start":{"line":490,"column":2},"end":{"line":518,"column":3}},"124":{"start":{"line":495,"column":8},"end":{"line":495,"column":16}},"125":{"start":{"line":497,"column":4},"end":{"line":501,"column":5}},"126":{"start":{"line":498,"column":6},"end":{"line":500,"column":9}},"127":{"start":{"line":505,"column":4},"end":{"line":511,"column":7}},"128":{"start":{"line":513,"column":4},"end":{"line":513,"column":79}},"129":{"start":{"line":514,"column":4},"end":{"line":517,"column":7}},"130":{"start":{"line":521,"column":0},"end":{"line":521,"column":22}}},"fnMap":{"0":{"name":"(anonymous_1)","decl":{"start":{"line":23,"column":20},"end":{"line":23,"column":21}},"loc":{"start":{"line":23,"column":63},"end":{"line":28,"column":1}}},"1":{"name":"(anonymous_2)","decl":{"start":{"line":30,"column":29},"end":{"line":30,"column":30}},"loc":{"start":{"line":30,"column":72},"end":{"line":35,"column":1}}},"2":{"name":"(anonymous_3)","decl":{"start":{"line":38,"column":21},"end":{"line":38,"column":22}},"loc":{"start":{"line":38,"column":46},"end":{"line":43,"column":1}}},"3":{"name":"(anonymous_4)","decl":{"start":{"line":45,"column":18},"end":{"line":45,"column":19}},"loc":{"start":{"line":45,"column":43},"end":{"line":50,"column":1}}},"4":{"name":"(anonymous_5)","decl":{"start":{"line":105,"column":69},"end":{"line":105,"column":74}},"loc":{"start":{"line":105,"column":107},"end":{"line":133,"column":1}}},"5":{"name":"(anonymous_6)","decl":{"start":{"line":140,"column":69},"end":{"line":140,"column":74}},"loc":{"start":{"line":140,"column":107},"end":{"line":168,"column":1}}},"6":{"name":"(anonymous_7)","decl":{"start":{"line":175,"column":69},"end":{"line":175,"column":74}},"loc":{"start":{"line":175,"column":107},"end":{"line":203,"column":1}}},"7":{"name":"(anonymous_8)","decl":{"start":{"line":210,"column":72},"end":{"line":210,"column":77}},"loc":{"start":{"line":210,"column":110},"end":{"line":238,"column":1}}},"8":{"name":"(anonymous_9)","decl":{"start":{"line":245,"column":61},"end":{"line":245,"column":66}},"loc":{"start":{"line":245,"column":99},"end":{"line":273,"column":1}}},"9":{"name":"(anonymous_10)","decl":{"start":{"line":280,"column":74},"end":{"line":280,"column":79}},"loc":{"start":{"line":280,"column":112},"end":{"line":308,"column":1}}},"10":{"name":"(anonymous_11)","decl":{"start":{"line":315,"column":61},"end":{"line":315,"column":66}},"loc":{"start":{"line":315,"column":99},"end":{"line":344,"column":1}}},"11":{"name":"(anonymous_12)","decl":{"start":{"line":351,"column":69},"end":{"line":351,"column":74}},"loc":{"start":{"line":351,"column":107},"end":{"line":380,"column":1}}},"12":{"name":"(anonymous_13)","decl":{"start":{"line":385,"column":69},"end":{"line":385,"column":74}},"loc":{"start":{"line":385,"column":107},"end":{"line":414,"column":1}}},"13":{"name":"(anonymous_14)","decl":{"start":{"line":419,"column":70},"end":{"line":419,"column":75}},"loc":{"start":{"line":419,"column":108},"end":{"line":448,"column":1}}},"14":{"name":"(anonymous_15)","decl":{"start":{"line":453,"column":72},"end":{"line":453,"column":77}},"loc":{"start":{"line":453,"column":110},"end":{"line":482,"column":1}}},"15":{"name":"(anonymous_16)","decl":{"start":{"line":489,"column":58},"end":{"line":489,"column":63}},"loc":{"start":{"line":489,"column":96},"end":{"line":519,"column":1}}}},"branchMap":{"0":{"loc":{"start":{"line":24,"column":2},"end":{"line":26,"column":3}},"type":"if","locations":[{"start":{"line":24,"column":2},"end":{"line":26,"column":3}}]},"1":{"loc":{"start":{"line":31,"column":2},"end":{"line":33,"column":3}},"type":"if","locations":[{"start":{"line":31,"column":2},"end":{"line":33,"column":3}}]},"2":{"loc":{"start":{"line":39,"column":2},"end":{"line":41,"column":3}},"type":"if","locations":[{"start":{"line":39,"column":2},"end":{"line":41,"column":3}}]},"3":{"loc":{"start":{"line":46,"column":2},"end":{"line":48,"column":3}},"type":"if","locations":[{"start":{"line":46,"column":2},"end":{"line":48,"column":3}}]},"4":{"loc":{"start":{"line":121,"column":4},"end":{"line":126,"column":5}},"type":"if","locations":[{"start":{"line":121,"column":4},"end":{"line":126,"column":5}}]},"5":{"loc":{"start":{"line":130,"column":15},"end":{"line":130,"column":71}},"type":"cond-expr","locations":[{"start":{"line":130,"column":40},"end":{"line":130,"column":53}},{"start":{"line":130,"column":56},"end":{"line":130,"column":71}}]},"6":{"loc":{"start":{"line":156,"column":4},"end":{"line":161,"column":5}},"type":"if","locations":[{"start":{"line":156,"column":4},"end":{"line":161,"column":5}}]},"7":{"loc":{"start":{"line":165,"column":15},"end":{"line":165,"column":71}},"type":"cond-expr","locations":[{"start":{"line":165,"column":40},"end":{"line":165,"column":53}},{"start":{"line":165,"column":56},"end":{"line":165,"column":71}}]},"8":{"loc":{"start":{"line":191,"column":4},"end":{"line":196,"column":5}},"type":"if","locations":[{"start":{"line":191,"column":4},"end":{"line":196,"column":5}}]},"9":{"loc":{"start":{"line":200,"column":15},"end":{"line":200,"column":71}},"type":"cond-expr","locations":[{"start":{"line":200,"column":40},"end":{"line":200,"column":53}},{"start":{"line":200,"column":56},"end":{"line":200,"column":71}}]},"10":{"loc":{"start":{"line":226,"column":4},"end":{"line":231,"column":5}},"type":"if","locations":[{"start":{"line":226,"column":4},"end":{"line":231,"column":5}}]},"11":{"loc":{"start":{"line":235,"column":15},"end":{"line":235,"column":71}},"type":"cond-expr","locations":[{"start":{"line":235,"column":40},"end":{"line":235,"column":53}},{"start":{"line":235,"column":56},"end":{"line":235,"column":71}}]},"12":{"loc":{"start":{"line":261,"column":4},"end":{"line":266,"column":5}},"type":"if","locations":[{"start":{"line":261,"column":4},"end":{"line":266,"column":5}}]},"13":{"loc":{"start":{"line":270,"column":15},"end":{"line":270,"column":71}},"type":"cond-expr","locations":[{"start":{"line":270,"column":40},"end":{"line":270,"column":53}},{"start":{"line":270,"column":56},"end":{"line":270,"column":71}}]},"14":{"loc":{"start":{"line":296,"column":4},"end":{"line":301,"column":5}},"type":"if","locations":[{"start":{"line":296,"column":4},"end":{"line":301,"column":5}}]},"15":{"loc":{"start":{"line":305,"column":15},"end":{"line":305,"column":71}},"type":"cond-expr","locations":[{"start":{"line":305,"column":40},"end":{"line":305,"column":53}},{"start":{"line":305,"column":56},"end":{"line":305,"column":71}}]},"16":{"loc":{"start":{"line":332,"column":4},"end":{"line":337,"column":5}},"type":"if","locations":[{"start":{"line":332,"column":4},"end":{"line":337,"column":5}}]},"17":{"loc":{"start":{"line":341,"column":15},"end":{"line":341,"column":71}},"type":"cond-expr","locations":[{"start":{"line":341,"column":40},"end":{"line":341,"column":53}},{"start":{"line":341,"column":56},"end":{"line":341,"column":71}}]},"18":{"loc":{"start":{"line":354,"column":6},"end":{"line":354,"column":78}},"type":"default-arg","locations":[{"start":{"line":354,"column":17},"end":{"line":354,"column":78}}]},"19":{"loc":{"start":{"line":355,"column":6},"end":{"line":355,"column":39}},"type":"default-arg","locations":[{"start":{"line":355,"column":15},"end":{"line":355,"column":39}}]},"20":{"loc":{"start":{"line":377,"column":15},"end":{"line":377,"column":71}},"type":"cond-expr","locations":[{"start":{"line":377,"column":40},"end":{"line":377,"column":53}},{"start":{"line":377,"column":56},"end":{"line":377,"column":71}}]},"21":{"loc":{"start":{"line":388,"column":6},"end":{"line":388,"column":78}},"type":"default-arg","locations":[{"start":{"line":388,"column":17},"end":{"line":388,"column":78}}]},"22":{"loc":{"start":{"line":389,"column":6},"end":{"line":389,"column":39}},"type":"default-arg","locations":[{"start":{"line":389,"column":15},"end":{"line":389,"column":39}}]},"23":{"loc":{"start":{"line":411,"column":15},"end":{"line":411,"column":71}},"type":"cond-expr","locations":[{"start":{"line":411,"column":40},"end":{"line":411,"column":53}},{"start":{"line":411,"column":56},"end":{"line":411,"column":71}}]},"24":{"loc":{"start":{"line":422,"column":6},"end":{"line":422,"column":78}},"type":"default-arg","locations":[{"start":{"line":422,"column":17},"end":{"line":422,"column":78}}]},"25":{"loc":{"start":{"line":423,"column":6},"end":{"line":423,"column":39}},"type":"default-arg","locations":[{"start":{"line":423,"column":15},"end":{"line":423,"column":39}}]},"26":{"loc":{"start":{"line":445,"column":15},"end":{"line":445,"column":71}},"type":"cond-expr","locations":[{"start":{"line":445,"column":40},"end":{"line":445,"column":53}},{"start":{"line":445,"column":56},"end":{"line":445,"column":71}}]},"27":{"loc":{"start":{"line":456,"column":6},"end":{"line":456,"column":78}},"type":"default-arg","locations":[{"start":{"line":456,"column":17},"end":{"line":456,"column":78}}]},"28":{"loc":{"start":{"line":457,"column":6},"end":{"line":457,"column":39}},"type":"default-arg","locations":[{"start":{"line":457,"column":15},"end":{"line":457,"column":39}}]},"29":{"loc":{"start":{"line":479,"column":15},"end":{"line":479,"column":71}},"type":"cond-expr","locations":[{"start":{"line":479,"column":40},"end":{"line":479,"column":53}},{"start":{"line":479,"column":56},"end":{"line":479,"column":71}}]},"30":{"loc":{"start":{"line":494,"column":6},"end":{"line":494,"column":20}},"type":"default-arg","locations":[{"start":{"line":494,"column":15},"end":{"line":494,"column":20}}]},"31":{"loc":{"start":{"line":497,"column":4},"end":{"line":501,"column":5}},"type":"if","locations":[{"start":{"line":497,"column":4},"end":{"line":501,"column":5}}]},"32":{"loc":{"start":{"line":497,"column":8},"end":{"line":497,"column":33}},"type":"binary-expr","locations":[{"start":{"line":497,"column":8},"end":{"line":497,"column":19}},{"start":{"line":497,"column":23},"end":{"line":497,"column":33}}]},"33":{"loc":{"start":{"line":516,"column":15},"end":{"line":516,"column":71}},"type":"cond-expr","locations":[{"start":{"line":516,"column":40},"end":{"line":516,"column":53}},{"start":{"line":516,"column":56},"end":{"line":516,"column":71}}]}},"s":{"0":1,"1":1,"2":0,"3":0,"4":0,"5":0,"6":0,"7":0,"8":0,"9":0,"10":0,"11":0,"12":0,"13":0,"14":0,"15":0,"16":0,"17":0,"18":0,"19":0,"20":0,"21":0,"22":0,"23":0,"24":0,"25":0,"26":0,"27":0,"28":0,"29":0,"30":0,"31":0,"32":0,"33":0,"34":0,"35":0,"36":0,"37":0,"38":0,"39":0,"40":0,"41":0,"42":0,"43":0,"44":0,"45":0,"46":0,"47":0,"48":0,"49":0,"50":0,"51":0,"52":0,"53":0,"54":0,"55":0,"56":0,"57":0,"58":0,"59":0,"60":0,"61":0,"62":0,"63":0,"64":0,"65":0,"66":0,"67":0,"68":0,"69":0,"70":0,"71":0,"72":0,"73":0,"74":0,"75":0,"76":0,"77":0,"78":0,"79":0,"80":0,"81":0,"82":0,"83":0,"84":0,"85":0,"86":0,"87":0,"88":0,"89":0,"90":0,"91":0,"92":0,"93":0,"94":0,"95":0,"96":0,"97":0,"98":0,"99":0,"100":0,"101":0,"102":0,"103":0,"104":0,"105":0,"106":0,"107":0,"108":0,"109":0,"110":0,"111":0,"112":0,"113":0,"114":0,"115":0,"116":0,"117":0,"118":0,"119":0,"120":0,"121":0,"122":0,"123":0,"124":0,"125":0,"126":0,"127":0,"128":0,"129":0,"130":0},"f":{"0":0,"1":0,"2":0,"3":0,"4":0,"5":0,"6":0,"7":0,"8":0,"9":0,"10":0,"11":0,"12":0,"13":0,"14":0,"15":0},"b":{"0":[0],"1":[0],"2":[0],"3":[0],"4":[0],"5":[0,0],"6":[0],"7":[0,0],"8":[0],"9":[0,0],"10":[0],"11":[0,0],"12":[0],"13":[0,0],"14":[0],"15":[0,0],"16":[0],"17":[0,0],"18":[0],"19":[0],"20":[0,0],"21":[0],"22":[0],"23":[0,0],"24":[0],"25":[0],"26":[0,0],"27":[0],"28":[0],"29":[0,0],"30":[0],"31":[0],"32":[0,0],"33":[0,0]}}
}
