TN:
SF:server/routes/healthcare-analytics.ts
FN:23,(anonymous_1)
FN:30,(anonymous_2)
FN:38,(anonymous_3)
FN:45,(anonymous_4)
FN:105,(anonymous_5)
FN:140,(anonymous_6)
FN:175,(anonymous_7)
FN:210,(anonymous_8)
FN:245,(anonymous_9)
FN:280,(anonymous_10)
FN:315,(anonymous_11)
FN:351,(anonymous_12)
FN:385,(anonymous_13)
FN:419,(anonymous_14)
FN:453,(anonymous_15)
FN:489,(anonymous_16)
FNF:16
FNH:0
FNDA:0,(anonymous_1)
FNDA:0,(anonymous_2)
FNDA:0,(anonymous_3)
FNDA:0,(anonymous_4)
FNDA:0,(anonymous_5)
FNDA:0,(anonymous_6)
FNDA:0,(anonymous_7)
FNDA:0,(anonymous_8)
FNDA:0,(anonymous_9)
FNDA:0,(anonymous_10)
FNDA:0,(anonymous_11)
FNDA:0,(anonymous_12)
FNDA:0,(anonymous_13)
FNDA:0,(anonymous_14)
FNDA:0,(anonymous_15)
FNDA:0,(anonymous_16)
DA:15,1
DA:16,1
DA:17,0
DA:18,0
DA:20,0
DA:23,0
DA:24,0
DA:25,0
DA:27,0
DA:30,0
DA:31,0
DA:32,0
DA:34,0
DA:38,0
DA:39,0
DA:40,0
DA:42,0
DA:45,0
DA:46,0
DA:47,0
DA:49,0
DA:53,0
DA:58,0
DA:72,0
DA:80,0
DA:89,0
DA:95,0
DA:105,0
DA:106,0
DA:107,0
DA:109,0
DA:114,0
DA:119,0
DA:121,0
DA:122,0
DA:128,0
DA:140,0
DA:141,0
DA:142,0
DA:144,0
DA:149,0
DA:154,0
DA:156,0
DA:157,0
DA:163,0
DA:175,0
DA:176,0
DA:177,0
DA:179,0
DA:184,0
DA:189,0
DA:191,0
DA:192,0
DA:198,0
DA:210,0
DA:211,0
DA:212,0
DA:214,0
DA:219,0
DA:224,0
DA:226,0
DA:227,0
DA:233,0
DA:245,0
DA:246,0
DA:247,0
DA:249,0
DA:254,0
DA:259,0
DA:261,0
DA:262,0
DA:268,0
DA:280,0
DA:281,0
DA:282,0
DA:284,0
DA:289,0
DA:294,0
DA:296,0
DA:297,0
DA:303,0
DA:315,0
DA:316,0
DA:317,0
DA:319,0
DA:325,0
DA:330,0
DA:332,0
DA:333,0
DA:339,0
DA:351,0
DA:352,0
DA:356,0
DA:358,0
DA:363,0
DA:369,0
DA:374,0
DA:375,0
DA:385,0
DA:386,0
DA:390,0
DA:392,0
DA:397,0
DA:403,0
DA:408,0
DA:409,0
DA:419,0
DA:420,0
DA:424,0
DA:426,0
DA:431,0
DA:437,0
DA:442,0
DA:443,0
DA:453,0
DA:454,0
DA:458,0
DA:460,0
DA:465,0
DA:471,0
DA:476,0
DA:477,0
DA:489,0
DA:490,0
DA:495,0
DA:497,0
DA:498,0
DA:505,0
DA:513,0
DA:514,0
DA:521,0
LF:131
LH:2
BRDA:24,0,0,0
BRDA:31,1,0,0
BRDA:39,2,0,0
BRDA:46,3,0,0
BRDA:121,4,0,0
BRDA:130,5,0,0
BRDA:130,5,1,0
BRDA:156,6,0,0
BRDA:165,7,0,0
BRDA:165,7,1,0
BRDA:191,8,0,0
BRDA:200,9,0,0
BRDA:200,9,1,0
BRDA:226,10,0,0
BRDA:235,11,0,0
BRDA:235,11,1,0
BRDA:261,12,0,0
BRDA:270,13,0,0
BRDA:270,13,1,0
BRDA:296,14,0,0
BRDA:305,15,0,0
BRDA:305,15,1,0
BRDA:332,16,0,0
BRDA:341,17,0,0
BRDA:341,17,1,0
BRDA:354,18,0,0
BRDA:355,19,0,0
BRDA:377,20,0,0
BRDA:377,20,1,0
BRDA:388,21,0,0
BRDA:389,22,0,0
BRDA:411,23,0,0
BRDA:411,23,1,0
BRDA:422,24,0,0
BRDA:423,25,0,0
BRDA:445,26,0,0
BRDA:445,26,1,0
BRDA:456,27,0,0
BRDA:457,28,0,0
BRDA:479,29,0,0
BRDA:479,29,1,0
BRDA:494,30,0,0
BRDA:497,31,0,0
BRDA:497,32,0,0
BRDA:497,32,1,0
BRDA:516,33,0,0
BRDA:516,33,1,0
BRF:47
BRH:0
end_of_record
